docker stop centos7
$ docker stop centos7
docker stop centos7
$ docker stop centos7
exit
hostname -i
ls
lls/
cd
ls /
ls /usr
pwd
cd /root
pwd
cd usr
cd /usr
pwd
cd /home
mkdir test1
ls
cd /home
mkdir test2/test3
cd /home
mkdir -p test2/test3
ls test2
cd /home
touch test1/index.php
ls test1
cd /home/test1 && ls
cd /home/test1
cp index.php copy.php
ls
cd /home
cp -r test1 test4
ls
ls test4
cd /home
mv test2/test3 test3
ls
mv test2/test3 test3cd /home
cd /home
mv test2/test3 test3
ls
cd /home
ls
cd /home
mv test4 test1_copy
ls
cd /home
ls test1
rm test1/copy.php
ls test1
cd /home
rm -r test3
ls
rm -r test3
ls
cd /home
rm test1_copy/*.php
ls test1_copy
ls
ls test1_copy
cat
cd /home
echo '# Hello World' > README.md
cat README.md
echo '# Server Lesson' > README.md
cat README.md
cd /home
echo 'Linux Practice' >> README.md
echo '-----------------' >> README.md
cat README.md
cd /home
vi README.md
cd /root
mkdir server_lesson && cd server_lesson
yum update -y && yum -y install git
git version
git init
touch first.txt
cd /server_lesson
ls
mkdir linux_practice1
ls
mkdir linux_practice1/public
ls
cd  linux_practice1
ls
cd linux_practice1
touch public/index.php
ls
ls /public
ls public
ls
cd server_lesson/linux_practice1/public
ls
cd public
cp indec.php index_bk.php
ls
cp index.php index_bk.php
ls
cp -r public tmp
cd server_lesson/linux_practice1
cd /server_lesson/linux_practice1
cd /linux_practice1
cd /server_lesson
ls
cd linux_practice1
cd server_lesson/linux_practice1
cd /server_lesson
pwd
cd /root/server_lesson/linux_practice1
cp -r public tmp
ls
cd /tmp
rm index_bk.php
ls
rm index_bk.php
y
pwd
cd server_lesson
cd /server_lesson
ls
rm tmp
rm
ls
pwd
cd
pwd
cd server_lesson/linux_practice1
rm -r tmp
cp -r public tmp
ls
cd tmp
ls
cd
cd server_lesson/linux_practice1
cd tmp
rm tmp/index_bk.php
cd server_lesson/linux_practice1
rm tmp/index_bk.php
ls
cd server_lesson/linux_practice1
cd
cd server_lesson/linux_practice1
rm tmp/index_bk.php
ls tmp
cd
cd /server_lesson
cd server_lesson
touch README.md
ls
vi README.md
mkdir linux_practice2
cd linux_practice2
mkdir documents 
ls
cd documents 
ls
touch gizumo{01..50}.md
ls
cd
cd server_lesson/linux_practice2
mkdir trash
mv documents/gizumo{20..40}.md trash
ls
cd 
cd trash
cd server_lesson/linux_practice2/trash
ls
cd
cd server_lesson/linux_practice2
touch /.gitignore
ls
ls documents
ls  trash
ls -a
vi .gitignore
history 300
history 300„ -w exec_command.log
history -w exec_command.log
ls
git add .
git commit -m server_lesson
git branch
git push origin server_lesson
git init
git add .
git push origin
git branch
git branch -r
git branc ozeki
git pull
git status
git log
cd
cd  server_lesson
git add .
git branch
git init
git remote -v
git branch
git status
git commit -m 'server_lesson'
git config --global user.email kaichi4567@gmail.com
git config --global user.name kaichiozeki
git commit -m 'server_lesson'
git status
vi .gitignore
git status
git add .
git status
git commit -m '.gitignoreÂÜçË®≠ÂÆö'
git remote add origin https://github.com/kaichiozeki/-server_lesson.git
git remote -v
git push origin master
git push origin master
ls
rm .gitignore
rm first,txt
cd trash
ls
cd linux_practice2
ls
rm .gitignore
ls
touch .gitignore
vi .gitignore
ls
git rm --cached gizumo20.md
git rm --cached <gizumo20.md>
git add .
git rm --cached gizumo20.md
git rm -r --cached --ignore-unmatch .
vi .gitignore
git add
git add .
git status
git commit -m '.gitignore „Å®„ÅÑ„ÅÜ„Éï„Ç°„Ç§„É´„Çí‰ΩúÊàê


git commit -m 'gitignore „ÄÄgitÁÆ°ÁêÜ„Åó„Å™„ÅÑ„É„Éï„Ç°„Ç§„É´„ÇíÂ§âÊõ¥'
rm exec_command.log
ls
history -w exec_command.log
ls
git add .
git commit -m 'exec_command.logÊõ¥Êñ∞'
git status
git log
git push origin master
git push origin master
git remote add origin https://github.com/kaichiozeki/-server_lesson.git
git remote -v
git push origin master
git push origin master
git push origin master
git fetch
git merge
git push origin master
git remote add origin https://github.com/kaichiozeki/server_lesson.git
git remote -v
git remote rm origin
git remote add
git remote add origin https://github.com/kaichiozeki/server_lesson.git
git push origin master
cd
cd server_lesson
git push origin master
git add .
git status
git add .
git status
git commit -m '„Çµ„Éº„Éê„Éº„É¨„ÉÉ„Çπ„É≥‰ΩúÊàê'
git status
git status
git status
git status
git push origin master
git init
git status
git add .
git add -A
git add .
git status
git commit -m 'server_lesson‰ΩúÊàê'
git status
git push origin master
git remote add origin https://github.com/kaichiozeki/server_lesson.git
vi .gitignore
ls
cd linux_practice2
ls
rm h origin master
cd ls
ls
cd  trash
ls
git rm -r --cached --ignore-unmatch .
git add .
git status
git add -A
git status
git commit -m 'server_lesson‰ΩúÊàê'
git clean -n
git clean -f
git clean
git clean -n
git clean -dn
git commit -m 'server_lesson‰ΩúÊàê'
cd
cd server_lesson
git add .
git status
git commit -m 'server_lesson‰ΩúÊàê'
git push origin master
git push origin master
git fetch --all
git branch -avv
git add .
git commit -m '„Çµ„Éº„Éê„Éº„É¨„ÉÉ„Çπ„É≥'
git push origin master
cd linux_practice2
ls
vi .gitignore
git rm --cached gizumo20.md
git rm -r --cached --ignore-unmatch .
cd
cd  server_lesson
git init
git status
git remote add origin https://github.com/kaichiozeki/server_lesson-2.git
git remote rm origin
git remote add origin
git remote add origin git@bitbucket.org:ksichiozeki/ server_lesson.git
git push -u origin master
git remote rm origin
git remote add origin https://github.com/kaichiozeki/server_lesson-2.git
git push -u origin main
git branch
git push origin HEAD:master
git remote add origin https://github.com/kaichiozeki/server_lesson.git
git branch
cd
cd server_lesson/linux_practice2
ls
rm trash
cd
cd server_lesson
rm linux_practice2
rm -r linux_practice2
y
y
y
y
y
y
y
y
y
y
y
y
y
y
y
y
y
y
y
y
ls
cd linux_practice2
ls
rm -r linux_practice2
cd
cd server_lesson
rm -r linux_practice2
y
y
y
ls
git add .
git add -a
git add .
git add -A
git commit -m 'ÂâäÈô§‚Ä'
git status
git push origin master
mkdir linux_practice2
ls
cd linux_prac
mkdir documents
touch gizumo{01..50}.md
ls
cd
cd  server_lesson/linux_practice2
ls
cd
server_lesson
rm -r linux_practice2
ls
cd server_lesson
ls
rm -r linux_practice2
ls
mkdir linux_practice2
ls
mkdir documents
cd documents
ls
touch gizumo{01..50}.md
ls
cd 
cd server_lesson/linux_practice2
ls
cd
cd server_lesson
ls
rm -r documents
ls
cd linux_practice2
mkdir documents
ls
cd documents
ls
touch gizumo{01..50}.md
ls
cd
cd  server_lesson
ls
cd linux_practice2
mkdir  trash
ls
mv documents/gizumo{20...40}.md trash
ls
cd trash
ls
cd documents
cd 
cd server_lesson
cd linux_practice2
cd documents
ls
cd
cd server_lesson/linux_practice2
mv documents/gizumo{20...40}.md trash
ls
cd trash
ls
mv documents/gizumo{20..40}.md trash
cd
cd server_lesson
cd linux_practice2
ls
mv documents/gizumo{20..40}.md trash
touch .gitignore
vi .gitignore
history 300
history -w exec_command.log
